Writing tailwind-3c318e4a.css
Writing IM_FELL_Ledru-23b73fb4.otf
Writing cour-d1eac7f9.ttf
Writing IM_FELL_Ledru-fbf42765.woff2
Writing IM_FELL_Ledru-b8add5d8.woff
Writing logo-099d3ee5.png
Writing scape-759de88b.jpg
Writing application-ca349c53.css
Writing header-a5b1e84c.css
Writing forms-8a5ac7dd.css
Writing tables-22e3973d.css
Writing fonts-59f9b16e.css
Writing application-dff058fa.js
Writing controllers/index-ee64e1f1.js
Writing controllers/application-3affb389.js
Writing controllers/hello_controller-708796bd.js
Writing controllers/tooltip_controller-30a070c3.js
Writing controllers/dependent_dropdown_controller-1820e08a.js
Writing controllers/stimulus_controller-39fab164.js
Writing @stimulus-components--rails-nested-form-deda72d6.js
Writing @hotwired--stimulus-132cbc23.js
Writing stimulus-autoloader-9d447422.js
Writing stimulus-importmap-autoloader-64cc03e1.js
Writing stimulus-loading-1fc53fe7.js
Writing stimulus-d59b3b7f.js
Writing stimulus.min-4b1e420e.js
Writing stimulus.min-2395e199.js.map
Writing turbo-eced32e0.js
Writing turbo.min-1c2d4fbe.js
Writing turbo.min-c0736596.js.map
Writing actiontext.esm-c376325e.js
Writing actiontext-c9c6c481.js
Writing trix-ceada207.js
Writing trix-65afdb1d.css
Writing action_cable-5212cfee.js
Writing actioncable.esm-e0ec9819.js
Writing actioncable-ac25813f.js
Writing activestorage.esm-81bb34bc.js
Writing activestorage-f9e46063.js
Writing rails-ujs.esm-e925103b.js
Writing rails-ujs-20eaf715.js
DEPRECATION WARNING: The config.web_console.whitelisted_ips is deprecated and will be ignored in future release of web_console. Please use config.web_console.allowed_ips instead. (called from <main> at /home/kobina/development/MilieuManager/config/environment.rb:5)
DEPRECATION WARNING: The config.web_console.whitelisted_ips is deprecated and will be ignored in future release of web_console. Please use config.web_console.allowed_ips instead. (called from <main> at /home/kobina/development/MilieuManager/config/environment.rb:5)
DEPRECATION WARNING: The config.web_console.whitelisted_ips is deprecated and will be ignored in future release of web_console. Please use config.web_console.allowed_ips instead. (called from <main> at /home/kobina/development/MilieuManager/config/environment.rb:5)
DEPRECATION WARNING: The config.web_console.whitelisted_ips is deprecated and will be ignored in future release of web_console. Please use config.web_console.allowed_ips instead. (called from <main> at /home/kobina/development/MilieuManager/config/environment.rb:5)
DEPRECATION WARNING: The config.web_console.whitelisted_ips is deprecated and will be ignored in future release of web_console. Please use config.web_console.allowed_ips instead. (called from <main> at /home/kobina/development/MilieuManager/config/environment.rb:5)
DEPRECATION WARNING: The config.web_console.whitelisted_ips is deprecated and will be ignored in future release of web_console. Please use config.web_console.allowed_ips instead. (called from <main> at /home/kobina/development/MilieuManager/config/environment.rb:5)
DEPRECATION WARNING: The config.web_console.whitelisted_ips is deprecated and will be ignored in future release of web_console. Please use config.web_console.allowed_ips instead. (called from <main> at /home/kobina/development/MilieuManager/config/environment.rb:5)
DEPRECATION WARNING: The config.web_console.whitelisted_ips is deprecated and will be ignored in future release of web_console. Please use config.web_console.allowed_ips instead. (called from <main> at /home/kobina/development/MilieuManager/config/environment.rb:5)
DEPRECATION WARNING: The config.web_console.whitelisted_ips is deprecated and will be ignored in future release of web_console. Please use config.web_console.allowed_ips instead. (called from <main> at /home/kobina/development/MilieuManager/config/environment.rb:5)
DEPRECATION WARNING: The config.web_console.whitelisted_ips is deprecated and will be ignored in future release of web_console. Please use config.web_console.allowed_ips instead. (called from <main> at /home/kobina/development/MilieuManager/config/environment.rb:5)
DEPRECATION WARNING: The config.web_console.whitelisted_ips is deprecated and will be ignored in future release of web_console. Please use config.web_console.allowed_ips instead. (called from <main> at /home/kobina/development/MilieuManager/config/environment.rb:5)
DEPRECATION WARNING: The config.web_console.whitelisted_ips is deprecated and will be ignored in future release of web_console. Please use config.web_console.allowed_ips instead. (called from <main> at /home/kobina/development/MilieuManager/config/environment.rb:5)
DEPRECATION WARNING: The config.web_console.whitelisted_ips is deprecated and will be ignored in future release of web_console. Please use config.web_console.allowed_ips instead. (called from <main> at /home/kobina/development/MilieuManager/config/environment.rb:5)
DEPRECATION WARNING: The config.web_console.whitelisted_ips is deprecated and will be ignored in future release of web_console. Please use config.web_console.allowed_ips instead. (called from <main> at /home/kobina/development/MilieuManager/config/environment.rb:5)
DEPRECATION WARNING: The config.web_console.whitelisted_ips is deprecated and will be ignored in future release of web_console. Please use config.web_console.allowed_ips instead. (called from <main> at /home/kobina/development/MilieuManager/config/environment.rb:5)
DEPRECATION WARNING: The config.web_console.whitelisted_ips is deprecated and will be ignored in future release of web_console. Please use config.web_console.allowed_ips instead. (called from <main> at /home/kobina/development/MilieuManager/config/environment.rb:5)
DEPRECATION WARNING: The config.web_console.whitelisted_ips is deprecated and will be ignored in future release of web_console. Please use config.web_console.allowed_ips instead. (called from <main> at /home/kobina/development/MilieuManager/config/environment.rb:5)
Writing tailwind-5c5aafa6.css
DEPRECATION WARNING: The config.web_console.whitelisted_ips is deprecated and will be ignored in future release of web_console. Please use config.web_console.allowed_ips instead. (called from <main> at /home/kobina/development/MilieuManager/config/environment.rb:5)
DEPRECATION WARNING: The config.web_console.whitelisted_ips is deprecated and will be ignored in future release of web_console. Please use config.web_console.allowed_ips instead. (called from <main> at /home/kobina/development/MilieuManager/config/environment.rb:5)
DEPRECATION WARNING: The config.web_console.whitelisted_ips is deprecated and will be ignored in future release of web_console. Please use config.web_console.allowed_ips instead. (called from <main> at /home/kobina/development/MilieuManager/config/environment.rb:5)
  [1m[35m (0.5ms)[0m  [1m[34mSELECT pg_try_advisory_lock(1072201907384945400) /*application='MilieuManager'*/[0m
  [1m[36mActiveRecord::SchemaMigration Load (1.6ms)[0m  [1m[34mSELECT "schema_migrations"."version" FROM "schema_migrations" ORDER BY "schema_migrations"."version" ASC /*application='MilieuManager'*/[0m
  [1m[36mActiveRecord::InternalMetadata Load (1.7ms)[0m  [1m[34mSELECT * FROM "ar_internal_metadata" WHERE "ar_internal_metadata"."key" = 'environment' ORDER BY "ar_internal_metadata"."key" ASC LIMIT 1 /*application='MilieuManager'*/[0m
  [1m[35m (0.6ms)[0m  [1m[34mSELECT pg_advisory_unlock(1072201907384945400) /*application='MilieuManager'*/[0m
  [1m[36mActiveRecord::SchemaMigration Load (0.5ms)[0m  [1m[34mSELECT "schema_migrations"."version" FROM "schema_migrations" ORDER BY "schema_migrations"."version" ASC /*application='MilieuManager'*/[0m
  [1m[35mSQL (0.4ms)[0m  [1m[35mSET search_path TO public /*application='MilieuManager'*/[0m
  [1m[35mSQL (0.4ms)[0m  [1m[35mSET search_path TO "$user", public /*application='MilieuManager'*/[0m
  [1m[35mSQL (0.4ms)[0m  [1m[35mSET search_path TO public /*application='MilieuManager'*/[0m
  [1m[35mSQL (0.4ms)[0m  [1m[35mSET search_path TO "$user", public /*application='MilieuManager'*/[0m
DEPRECATION WARNING: The config.web_console.whitelisted_ips is deprecated and will be ignored in future release of web_console. Please use config.web_console.allowed_ips instead. (called from <main> at /home/kobina/development/MilieuManager/config/environment.rb:5)
DEPRECATION WARNING: The config.web_console.whitelisted_ips is deprecated and will be ignored in future release of web_console. Please use config.web_console.allowed_ips instead. (called from <main> at /home/kobina/development/MilieuManager/config/environment.rb:5)
DEPRECATION WARNING: The config.web_console.whitelisted_ips is deprecated and will be ignored in future release of web_console. Please use config.web_console.allowed_ips instead. (called from <main> at /home/kobina/development/MilieuManager/config/environment.rb:5)
DEPRECATION WARNING: The config.web_console.whitelisted_ips is deprecated and will be ignored in future release of web_console. Please use config.web_console.allowed_ips instead. (called from <main> at /home/kobina/development/MilieuManager/config/environment.rb:5)
DEPRECATION WARNING: The config.web_console.whitelisted_ips is deprecated and will be ignored in future release of web_console. Please use config.web_console.allowed_ips instead. (called from <main> at /home/kobina/development/MilieuManager/config/environment.rb:5)
DEPRECATION WARNING: The config.web_console.whitelisted_ips is deprecated and will be ignored in future release of web_console. Please use config.web_console.allowed_ips instead. (called from <main> at /home/kobina/development/MilieuManager/config/environment.rb:5)
Writing tailwind-11f02c5d.css
Writing IM_FELL_Ledru-23b73fb4.otf
Writing cour-d1eac7f9.ttf
Writing IM_FELL_Ledru-fbf42765.woff2
Writing IM_FELL_Ledru-b8add5d8.woff
Writing logo-099d3ee5.png
Writing scape-759de88b.jpg
Writing application-ca349c53.css
Writing header-a5b1e84c.css
Writing forms-8a5ac7dd.css
Writing tables-22e3973d.css
Writing fonts-59f9b16e.css
Writing application-dff058fa.js
Writing controllers/index-ee64e1f1.js
Writing controllers/application-3affb389.js
Writing controllers/hello_controller-708796bd.js
Writing controllers/tooltip_controller-30a070c3.js
Writing controllers/dependent_dropdown_controller-1820e08a.js
Writing controllers/stimulus_controller-39fab164.js
Writing @stimulus-components--rails-nested-form-deda72d6.js
Writing @hotwired--stimulus-132cbc23.js
Writing stimulus-autoloader-9d447422.js
Writing stimulus-importmap-autoloader-64cc03e1.js
Writing stimulus-loading-1fc53fe7.js
Writing stimulus-d59b3b7f.js
Writing stimulus.min-4b1e420e.js
Writing stimulus.min-2395e199.js.map
Writing turbo-eced32e0.js
Writing turbo.min-1c2d4fbe.js
Writing turbo.min-c0736596.js.map
Writing actiontext.esm-c376325e.js
Writing actiontext-c9c6c481.js
Writing trix-ceada207.js
Writing trix-65afdb1d.css
Writing action_cable-5212cfee.js
Writing actioncable.esm-e0ec9819.js
Writing actioncable-ac25813f.js
Writing activestorage.esm-81bb34bc.js
Writing activestorage-f9e46063.js
Writing rails-ujs.esm-e925103b.js
Writing rails-ujs-20eaf715.js
DEPRECATION WARNING: The config.web_console.whitelisted_ips is deprecated and will be ignored in future release of web_console. Please use config.web_console.allowed_ips instead. (called from <main> at /home/kobina/development/MilieuManager/config/environment.rb:5)
DEPRECATION WARNING: The config.web_console.whitelisted_ips is deprecated and will be ignored in future release of web_console. Please use config.web_console.allowed_ips instead. (called from <main> at /home/kobina/development/MilieuManager/config/environment.rb:5)
DEPRECATION WARNING: The config.web_console.whitelisted_ips is deprecated and will be ignored in future release of web_console. Please use config.web_console.allowed_ips instead. (called from <main> at /home/kobina/development/MilieuManager/config/environment.rb:5)
DEPRECATION WARNING: The config.web_console.whitelisted_ips is deprecated and will be ignored in future release of web_console. Please use config.web_console.allowed_ips instead. (called from <main> at /home/kobina/development/MilieuManager/config/environment.rb:5)
DEPRECATION WARNING: The config.web_console.whitelisted_ips is deprecated and will be ignored in future release of web_console. Please use config.web_console.allowed_ips instead. (called from <main> at /home/kobina/development/MilieuManager/config/environment.rb:5)
DEPRECATION WARNING: The config.web_console.whitelisted_ips is deprecated and will be ignored in future release of web_console. Please use config.web_console.allowed_ips instead. (called from <main> at /home/kobina/development/MilieuManager/config/environment.rb:5)
DEPRECATION WARNING: The config.web_console.whitelisted_ips is deprecated and will be ignored in future release of web_console. Please use config.web_console.allowed_ips instead. (called from <main> at /home/kobina/development/MilieuManager/config/environment.rb:5)
DEPRECATION WARNING: The config.web_console.whitelisted_ips is deprecated and will be ignored in future release of web_console. Please use config.web_console.allowed_ips instead. (called from <main> at /home/kobina/development/MilieuManager/config/environment.rb:5)
DEPRECATION WARNING: The config.web_console.whitelisted_ips is deprecated and will be ignored in future release of web_console. Please use config.web_console.allowed_ips instead. (called from <main> at /home/kobina/development/MilieuManager/config/environment.rb:5)
DEPRECATION WARNING: The config.web_console.whitelisted_ips is deprecated and will be ignored in future release of web_console. Please use config.web_console.allowed_ips instead. (called from <main> at /home/kobina/development/MilieuManager/config/environment.rb:5)
DEPRECATION WARNING: The config.web_console.whitelisted_ips is deprecated and will be ignored in future release of web_console. Please use config.web_console.allowed_ips instead. (called from <main> at /home/kobina/development/MilieuManager/config/environment.rb:5)
  [1m[36mEntity Load (2.1ms)[0m  [1m[34mSELECT "entities".* FROM "entities" ORDER BY "entities"."id" DESC LIMIT 1 /*application='MilieuManager'*/[0m
  [1m[36mEntity Load (1.1ms)[0m  [1m[34mSELECT "entities".* FROM "entities" ORDER BY "entities"."id" ASC LIMIT 1 /*application='MilieuManager'*/[0m
